# JRE version: OpenJDK Runtime Environment (17.0.6) (build 17.0.6+0-b2043.56-9586694)
# Java VM: OpenJDK 64-Bit Server VM (17.0.6+0-b2043.56-9586694, mixed mode, tiered, compressed oops, compressed class ptrs, g1 gc, windows-amd64)
GC Precious Log:
 CPUs: 8 total, 8 available
 Memory: 16224M
 Large Page Support: Disabled
 NUMA Support: Disabled
 Compressed Oops: Enabled (32-bit)
 Heap Region Size: 1M
 Heap Min Capacity: 8M
 Heap Initial Capacity: 254M
 Heap Max Capacity: 2G
 Pre-touch: Disabled
 Parallel Workers: 8
 Concurrent Workers: 2
 Concurrent Refinement Workers: 8
 Periodic GC: Disabled
Heap:
 garbage-first heap   total 416768K, used 149237K [0x0000000080000000, 0x0000000100000000)
  region size 1024K, 2 young (2048K), 2 survivors (2048K)
 Metaspace       used 148027K, committed 150080K, reserved 1179648K
  class space    used 19701K, committed 20672K, reserved 1048576K
GC Heap History (20 events):
Event: 5734.001 GC heap after
{Heap after GC invocations=64 (full 1):
 garbage-first heap   total 407552K, used 132518K [0x0000000080000000, 0x0000000100000000)
  region size 1024K, 3 young (3072K), 3 survivors (3072K)
 Metaspace       used 144096K, committed 145472K, reserved 1179648K
  class space    used 19149K, committed 19776K, reserved 1048576K
}
Event: 5735.749 GC heap before
{Heap before GC invocations=64 (full 1):
 garbage-first heap   total 407552K, used 198054K [0x0000000080000000, 0x0000000100000000)
  region size 1024K, 69 young (70656K), 3 survivors (3072K)
 Metaspace       used 144684K, committed 146240K, reserved 1179648K
  class space    used 19236K, committed 19968K, reserved 1048576K
}
Event: 5735.758 GC heap after
{Heap after GC invocations=65 (full 1):
 garbage-first heap   total 407552K, used 138130K [0x0000000080000000, 0x0000000100000000)
  region size 1024K, 9 young (9216K), 9 survivors (9216K)
 Metaspace       used 144684K, committed 146240K, reserved 1179648K
  class space    used 19236K, committed 19968K, reserved 1048576K
}
Event: 7135.203 GC heap before
{Heap before GC invocations=66 (full 1):
 garbage-first heap   total 416768K, used 337810K [0x0000000080000000, 0x0000000100000000)
  region size 1024K, 101 young (103424K), 9 survivors (9216K)
 Metaspace       used 144750K, committed 146304K, reserved 1179648K
  class space    used 19239K, committed 19968K, reserved 1048576K
}
Event: 7135.221 GC heap after
{Heap after GC invocations=67 (full 1):
 garbage-first heap   total 416768K, used 140136K [0x0000000080000000, 0x0000000100000000)
  region size 1024K, 13 young (13312K), 13 survivors (13312K)
 Metaspace       used 144750K, committed 146304K, reserved 1179648K
  class space    used 19239K, committed 19968K, reserved 1048576K
}
Event: 7135.265 GC heap before
{Heap before GC invocations=67 (full 1):
 garbage-first heap   total 416768K, used 147304K [0x0000000080000000, 0x0000000100000000)
  region size 1024K, 20 young (20480K), 13 survivors (13312K)
 Metaspace       used 144764K, committed 146304K, reserved 1179648K
  class space    used 19243K, committed 19968K, reserved 1048576K
}
Event: 7135.279 GC heap after
{Heap after GC invocations=68 (full 1):
 garbage-first heap   total 416768K, used 137204K [0x0000000080000000, 0x0000000100000000)
  region size 1024K, 3 young (3072K), 3 survivors (3072K)
 Metaspace       used 144764K, committed 146304K, reserved 1179648K
  class space    used 19243K, committed 19968K, reserved 1048576K
}
Event: 7137.844 GC heap before
{Heap before GC invocations=68 (full 1):
 garbage-first heap   total 416768K, used 174068K [0x0000000080000000, 0x0000000100000000)
  region size 1024K, 41 young (41984K), 3 survivors (3072K)
 Metaspace       used 144867K, committed 146368K, reserved 1179648K
  class space    used 19252K, committed 19968K, reserved 1048576K
}
Event: 7137.853 GC heap after
{Heap after GC invocations=69 (full 1):
 garbage-first heap   total 416768K, used 141908K [0x0000000080000000, 0x0000000100000000)
  region size 1024K, 7 young (7168K), 7 survivors (7168K)
 Metaspace       used 144867K, committed 146368K, reserved 1179648K
  class space    used 19252K, committed 19968K, reserved 1048576K
}
Event: 8296.413 GC heap before
{Heap before GC invocations=70 (full 1):
 garbage-first heap   total 416768K, used 385620K [0x0000000080000000, 0x0000000100000000)
  region size 1024K, 137 young (140288K), 7 survivors (7168K)
 Metaspace       used 146275K, committed 148160K, reserved 1179648K
  class space    used 19479K, committed 20352K, reserved 1048576K
}
Event: 8296.427 GC heap after
{Heap after GC invocations=71 (full 1):
 garbage-first heap   total 416768K, used 143488K [0x0000000080000000, 0x0000000100000000)
  region size 1024K, 8 young (8192K), 8 survivors (8192K)
 Metaspace       used 146275K, committed 148160K, reserved 1179648K
  class space    used 19479K, committed 20352K, reserved 1048576K
}
Event: 8296.569 GC heap before
{Heap before GC invocations=71 (full 1):
 garbage-first heap   total 416768K, used 154752K [0x0000000080000000, 0x0000000100000000)
  region size 1024K, 20 young (20480K), 8 survivors (8192K)
 Metaspace       used 146652K, committed 148608K, reserved 1179648K
  class space    used 19546K, committed 20480K, reserved 1048576K
}
Event: 8296.578 GC heap after
{Heap after GC invocations=72 (full 1):
 garbage-first heap   total 416768K, used 133528K [0x0000000080000000, 0x0000000100000000)
  region size 1024K, 2 young (2048K), 2 survivors (2048K)
 Metaspace       used 146652K, committed 148608K, reserved 1179648K
  class space    used 19546K, committed 20480K, reserved 1048576K
}
Event: 8297.249 GC heap before
{Heap before GC invocations=72 (full 1):
 garbage-first heap   total 416768K, used 171416K [0x0000000080000000, 0x0000000100000000)
  region size 1024K, 40 young (40960K), 2 survivors (2048K)
 Metaspace       used 147158K, committed 149312K, reserved 1179648K
  class space    used 19635K, committed 20672K, reserved 1048576K
}
Event: 8297.259 GC heap after
{Heap after GC invocations=73 (full 1):
 garbage-first heap   total 416768K, used 139429K [0x0000000080000000, 0x0000000100000000)
  region size 1024K, 8 young (8192K), 8 survivors (8192K)
 Metaspace       used 147158K, committed 149312K, reserved 1179648K
  class space    used 19635K, committed 20672K, reserved 1048576K
}
Event: 8355.758 GC heap before
{Heap before GC invocations=74 (full 1):
 garbage-first heap   total 416768K, used 302245K [0x0000000080000000, 0x0000000100000000)
  region size 1024K, 170 young (174080K), 8 survivors (8192K)
 Metaspace       used 148026K, committed 150080K, reserved 1179648K
  class space    used 19701K, committed 20672K, reserved 1048576K
}
Event: 8355.785 GC heap after
{Heap after GC invocations=75 (full 1):
 garbage-first heap   total 416768K, used 154557K [0x0000000080000000, 0x0000000100000000)
  region size 1024K, 22 young (22528K), 22 survivors (22528K)
 Metaspace       used 148026K, committed 150080K, reserved 1179648K
  class space    used 19701K, committed 20672K, reserved 1048576K
}
Event: 8355.790 GC heap before
{Heap before GC invocations=75 (full 1):
 garbage-first heap   total 416768K, used 155581K [0x0000000080000000, 0x0000000100000000)
  region size 1024K, 23 young (23552K), 22 survivors (22528K)
 Metaspace       used 148026K, committed 150080K, reserved 1179648K
  class space    used 19701K, committed 20672K, reserved 1048576K
}
Event: 8355.811 GC heap after
{Heap after GC invocations=76 (full 1):
 garbage-first heap   total 416768K, used 148683K [0x0000000080000000, 0x0000000100000000)
  region size 1024K, 2 young (2048K), 2 survivors (2048K)
 Metaspace       used 148026K, committed 150080K, reserved 1179648K
  class space    used 19701K, committed 20672K, reserved 1048576K
}
Event: 8355.847 GC heap before
{Heap before GC invocations=76 (full 1):
 garbage-first heap   total 416768K, used 149707K [0x0000000080000000, 0x0000000100000000)
  region size 1024K, 4 young (4096K), 2 survivors (2048K)
 Metaspace       used 148027K, committed 150080K, reserved 1179648K
  class space    used 19701K, committed 20672K, reserved 1048576K
}

