# JRE version: OpenJDK Runtime Environment (17.0.6) (build 17.0.6+0-b2043.56-9586694)
# Java VM: OpenJDK 64-Bit Server VM (17.0.6+0-b2043.56-9586694, mixed mode, tiered, compressed oops, compressed class ptrs, g1 gc, windows-amd64)
GC Precious Log:
 CPUs: 8 total, 8 available
 Memory: 16224M
 Large Page Support: Disabled
 NUMA Support: Disabled
 Compressed Oops: Enabled (32-bit)
 Heap Region Size: 1M
 Heap Min Capacity: 8M
 Heap Initial Capacity: 254M
 Heap Max Capacity: 2G
 Pre-touch: Disabled
 Parallel Workers: 8
 Concurrent Workers: 2
 Concurrent Refinement Workers: 8
 Periodic GC: Disabled
Heap:
 garbage-first heap   total 122880K, used 74525K [0x0000000080000000, 0x0000000100000000)
  region size 1024K, 11 young (11264K), 5 survivors (5120K)
 Metaspace       used 72267K, committed 72832K, reserved 1114112K
  class space    used 9544K, committed 9792K, reserved 1048576K
GC Heap History (20 events):
Event: 12.305 GC heap before
{Heap before GC invocations=15 (full 0):
 garbage-first heap   total 71680K, used 57514K [0x0000000080000000, 0x0000000100000000)
  region size 1024K, 23 young (23552K), 1 survivors (1024K)
 Metaspace       used 51291K, committed 51776K, reserved 1097728K
  class space    used 6780K, committed 6976K, reserved 1048576K
}
Event: 12.309 GC heap after
{Heap after GC invocations=16 (full 0):
 garbage-first heap   total 101376K, used 37456K [0x0000000080000000, 0x0000000100000000)
  region size 1024K, 3 young (3072K), 3 survivors (3072K)
 Metaspace       used 51291K, committed 51776K, reserved 1097728K
  class space    used 6780K, committed 6976K, reserved 1048576K
}
Event: 18.775 GC heap before
{Heap before GC invocations=17 (full 0):
 garbage-first heap   total 101376K, used 87632K [0x0000000080000000, 0x0000000100000000)
  region size 1024K, 44 young (45056K), 3 survivors (3072K)
 Metaspace       used 52495K, committed 52928K, reserved 1097728K
  class space    used 6941K, committed 7104K, reserved 1048576K
}
Event: 18.783 GC heap after
{Heap after GC invocations=18 (full 0):
 garbage-first heap   total 101376K, used 54079K [0x0000000080000000, 0x0000000100000000)
  region size 1024K, 6 young (6144K), 6 survivors (6144K)
 Metaspace       used 52495K, committed 52928K, reserved 1097728K
  class space    used 6941K, committed 7104K, reserved 1048576K
}
Event: 19.506 GC heap before
{Heap before GC invocations=18 (full 0):
 garbage-first heap   total 101376K, used 77631K [0x0000000080000000, 0x0000000100000000)
  region size 1024K, 29 young (29696K), 6 survivors (6144K)
 Metaspace       used 55797K, committed 56256K, reserved 1097728K
  class space    used 7402K, committed 7616K, reserved 1048576K
}
Event: 19.511 GC heap after
{Heap after GC invocations=19 (full 0):
 garbage-first heap   total 101376K, used 54871K [0x0000000080000000, 0x0000000100000000)
  region size 1024K, 1 young (1024K), 1 survivors (1024K)
 Metaspace       used 55797K, committed 56256K, reserved 1097728K
  class space    used 7402K, committed 7616K, reserved 1048576K
}
Event: 20.462 GC heap before
{Heap before GC invocations=20 (full 0):
 garbage-first heap   total 101376K, used 79447K [0x0000000080000000, 0x0000000100000000)
  region size 1024K, 25 young (25600K), 1 survivors (1024K)
 Metaspace       used 60473K, committed 60992K, reserved 1105920K
  class space    used 8003K, committed 8256K, reserved 1048576K
}
Event: 20.467 GC heap after
{Heap after GC invocations=21 (full 0):
 garbage-first heap   total 101376K, used 55952K [0x0000000080000000, 0x0000000100000000)
  region size 1024K, 3 young (3072K), 3 survivors (3072K)
 Metaspace       used 60473K, committed 60992K, reserved 1105920K
  class space    used 8003K, committed 8256K, reserved 1048576K
}
Event: 20.982 GC heap before
{Heap before GC invocations=21 (full 0):
 garbage-first heap   total 101376K, used 67216K [0x0000000080000000, 0x0000000100000000)
  region size 1024K, 16 young (16384K), 3 survivors (3072K)
 Metaspace       used 62728K, committed 63232K, reserved 1105920K
  class space    used 8293K, committed 8512K, reserved 1048576K
}
Event: 20.988 GC heap after
{Heap after GC invocations=22 (full 0):
 garbage-first heap   total 101376K, used 57525K [0x0000000080000000, 0x0000000100000000)
  region size 1024K, 4 young (4096K), 4 survivors (4096K)
 Metaspace       used 62728K, committed 63232K, reserved 1105920K
  class space    used 8293K, committed 8512K, reserved 1048576K
}
Event: 21.547 GC heap before
{Heap before GC invocations=23 (full 0):
 garbage-first heap   total 119808K, used 86197K [0x0000000080000000, 0x0000000100000000)
  region size 1024K, 26 young (26624K), 4 survivors (4096K)
 Metaspace       used 64181K, committed 64640K, reserved 1105920K
  class space    used 8474K, committed 8704K, reserved 1048576K
}
Event: 21.554 GC heap after
{Heap after GC invocations=24 (full 0):
 garbage-first heap   total 119808K, used 59734K [0x0000000080000000, 0x0000000100000000)
  region size 1024K, 4 young (4096K), 4 survivors (4096K)
 Metaspace       used 64181K, committed 64640K, reserved 1105920K
  class space    used 8474K, committed 8704K, reserved 1048576K
}
Event: 22.363 GC heap before
{Heap before GC invocations=24 (full 0):
 garbage-first heap   total 119808K, used 90454K [0x0000000080000000, 0x0000000100000000)
  region size 1024K, 34 young (34816K), 4 survivors (4096K)
 Metaspace       used 66737K, committed 67328K, reserved 1114112K
  class space    used 8795K, committed 9088K, reserved 1048576K
}
Event: 22.370 GC heap after
{Heap after GC invocations=25 (full 0):
 garbage-first heap   total 119808K, used 62602K [0x0000000080000000, 0x0000000100000000)
  region size 1024K, 3 young (3072K), 3 survivors (3072K)
 Metaspace       used 66737K, committed 67328K, reserved 1114112K
  class space    used 8795K, committed 9088K, reserved 1048576K
}
Event: 23.416 GC heap before
{Heap before GC invocations=26 (full 0):
 garbage-first heap   total 119808K, used 93322K [0x0000000080000000, 0x0000000100000000)
  region size 1024K, 33 young (33792K), 3 survivors (3072K)
 Metaspace       used 70312K, committed 70912K, reserved 1114112K
  class space    used 9254K, committed 9536K, reserved 1048576K
}
Event: 23.422 GC heap after
{Heap after GC invocations=27 (full 0):
 garbage-first heap   total 119808K, used 64117K [0x0000000080000000, 0x0000000100000000)
  region size 1024K, 5 young (5120K), 5 survivors (5120K)
 Metaspace       used 70312K, committed 70912K, reserved 1114112K
  class space    used 9254K, committed 9536K, reserved 1048576K
}
Event: 24.150 GC heap before
{Heap before GC invocations=27 (full 0):
 garbage-first heap   total 119808K, used 93813K [0x0000000080000000, 0x0000000100000000)
  region size 1024K, 34 young (34816K), 5 survivors (5120K)
 Metaspace       used 70910K, committed 71424K, reserved 1114112K
  class space    used 9350K, committed 9600K, reserved 1048576K
}
Event: 24.159 GC heap after
{Heap after GC invocations=28 (full 0):
 garbage-first heap   total 119808K, used 66625K [0x0000000080000000, 0x0000000100000000)
  region size 1024K, 5 young (5120K), 5 survivors (5120K)
 Metaspace       used 70910K, committed 71424K, reserved 1114112K
  class space    used 9350K, committed 9600K, reserved 1048576K
}
Event: 24.737 GC heap before
{Heap before GC invocations=29 (full 0):
 garbage-first heap   total 122880K, used 96321K [0x0000000080000000, 0x0000000100000000)
  region size 1024K, 34 young (34816K), 5 survivors (5120K)
 Metaspace       used 71639K, committed 72192K, reserved 1114112K
  class space    used 9443K, committed 9728K, reserved 1048576K
}
Event: 24.748 GC heap after
{Heap after GC invocations=30 (full 0):
 garbage-first heap   total 122880K, used 69405K [0x0000000080000000, 0x0000000100000000)
  region size 1024K, 5 young (5120K), 5 survivors (5120K)
 Metaspace       used 71639K, committed 72192K, reserved 1114112K
  class space    used 9443K, committed 9728K, reserved 1048576K
}

