# JRE version: OpenJDK Runtime Environment (17.0.6) (build 17.0.6+0-b2043.56-9586694)
# Java VM: OpenJDK 64-Bit Server VM (17.0.6+0-b2043.56-9586694, mixed mode, tiered, compressed oops, compressed class ptrs, g1 gc, windows-amd64)
GC Precious Log:
 CPUs: 8 total, 8 available
 Memory: 16224M
 Large Page Support: Disabled
 NUMA Support: Disabled
 Compressed Oops: Enabled (32-bit)
 Heap Region Size: 1M
 Heap Min Capacity: 8M
 Heap Initial Capacity: 254M
 Heap Max Capacity: 2G
 Pre-touch: Disabled
 Parallel Workers: 8
 Concurrent Workers: 2
 Concurrent Refinement Workers: 8
 Periodic GC: Disabled
Heap:
 garbage-first heap   total 345088K, used 227592K [0x0000000080000000, 0x0000000100000000)
  region size 1024K, 28 young (28672K), 15 survivors (15360K)
 Metaspace       used 105228K, committed 106048K, reserved 1146880K
  class space    used 14344K, committed 14720K, reserved 1048576K
GC Heap History (20 events):
Event: 18.059 GC heap before
{Heap before GC invocations=48 (full 0):
 garbage-first heap   total 140288K, used 73887K [0x0000000080000000, 0x0000000100000000)
  region size 1024K, 7 young (7168K), 6 survivors (6144K)
 Metaspace       used 77456K, committed 78016K, reserved 1122304K
  class space    used 10480K, committed 10752K, reserved 1048576K
}
Event: 18.078 GC heap after
{Heap after GC invocations=49 (full 0):
 garbage-first heap   total 140288K, used 73168K [0x0000000080000000, 0x0000000100000000)
  region size 1024K, 1 young (1024K), 1 survivors (1024K)
 Metaspace       used 77456K, committed 78016K, reserved 1122304K
  class space    used 10480K, committed 10752K, reserved 1048576K
}
Event: 19.165 GC heap before
{Heap before GC invocations=49 (full 0):
 garbage-first heap   total 140288K, used 111056K [0x0000000080000000, 0x0000000100000000)
  region size 1024K, 38 young (38912K), 1 survivors (1024K)
 Metaspace       used 79366K, committed 79936K, reserved 1122304K
  class space    used 10754K, committed 11008K, reserved 1048576K
}
Event: 19.174 GC heap after
{Heap after GC invocations=50 (full 0):
 garbage-first heap   total 140288K, used 75838K [0x0000000080000000, 0x0000000100000000)
  region size 1024K, 4 young (4096K), 4 survivors (4096K)
 Metaspace       used 79366K, committed 79936K, reserved 1122304K
  class space    used 10754K, committed 11008K, reserved 1048576K
}
Event: 21.137 GC heap before
{Heap before GC invocations=51 (full 0):
 garbage-first heap   total 140288K, used 111678K [0x0000000080000000, 0x0000000100000000)
  region size 1024K, 39 young (39936K), 4 survivors (4096K)
 Metaspace       used 83048K, committed 83648K, reserved 1122304K
  class space    used 11336K, committed 11584K, reserved 1048576K
}
Event: 21.147 GC heap after
{Heap after GC invocations=52 (full 0):
 garbage-first heap   total 140288K, used 78181K [0x0000000080000000, 0x0000000100000000)
  region size 1024K, 3 young (3072K), 3 survivors (3072K)
 Metaspace       used 83048K, committed 83648K, reserved 1122304K
  class space    used 11336K, committed 11584K, reserved 1048576K
}
Event: 21.269 GC heap before
{Heap before GC invocations=52 (full 0):
 garbage-first heap   total 140288K, used 81253K [0x0000000080000000, 0x0000000100000000)
  region size 1024K, 6 young (6144K), 3 survivors (3072K)
 Metaspace       used 83486K, committed 84032K, reserved 1122304K
  class space    used 11399K, committed 11648K, reserved 1048576K
}
Event: 21.275 GC heap after
{Heap after GC invocations=53 (full 0):
 garbage-first heap   total 140288K, used 78352K [0x0000000080000000, 0x0000000100000000)
  region size 1024K, 1 young (1024K), 1 survivors (1024K)
 Metaspace       used 83486K, committed 84032K, reserved 1122304K
  class space    used 11399K, committed 11648K, reserved 1048576K
}
Event: 23.354 GC heap before
{Heap before GC invocations=53 (full 0):
 garbage-first heap   total 140288K, used 114192K [0x0000000080000000, 0x0000000100000000)
  region size 1024K, 36 young (36864K), 1 survivors (1024K)
 Metaspace       used 86741K, committed 87424K, reserved 1130496K
  class space    used 11814K, committed 12160K, reserved 1048576K
}
Event: 23.366 GC heap after
{Heap after GC invocations=54 (full 0):
 garbage-first heap   total 333824K, used 81873K [0x0000000080000000, 0x0000000100000000)
  region size 1024K, 4 young (4096K), 4 survivors (4096K)
 Metaspace       used 86741K, committed 87424K, reserved 1130496K
  class space    used 11814K, committed 12160K, reserved 1048576K
}
Event: 28.670 GC heap before
{Heap before GC invocations=54 (full 0):
 garbage-first heap   total 333824K, used 246737K [0x0000000080000000, 0x0000000100000000)
  region size 1024K, 165 young (168960K), 4 survivors (4096K)
 Metaspace       used 90385K, committed 91072K, reserved 1130496K
  class space    used 12368K, committed 12736K, reserved 1048576K
}
Event: 28.694 GC heap after
{Heap after GC invocations=55 (full 0):
 garbage-first heap   total 333824K, used 98417K [0x0000000080000000, 0x0000000100000000)
  region size 1024K, 21 young (21504K), 21 survivors (21504K)
 Metaspace       used 90385K, committed 91072K, reserved 1130496K
  class space    used 12368K, committed 12736K, reserved 1048576K
}
Event: 30.882 GC heap before
{Heap before GC invocations=55 (full 0):
 garbage-first heap   total 333824K, used 239729K [0x0000000080000000, 0x0000000100000000)
  region size 1024K, 160 young (163840K), 21 survivors (21504K)
 Metaspace       used 91074K, committed 91776K, reserved 1130496K
  class space    used 12436K, committed 12800K, reserved 1048576K
}
Event: 30.911 GC heap after
{Heap after GC invocations=56 (full 0):
 garbage-first heap   total 333824K, used 109095K [0x0000000080000000, 0x0000000100000000)
  region size 1024K, 11 young (11264K), 11 survivors (11264K)
 Metaspace       used 91074K, committed 91776K, reserved 1130496K
  class space    used 12436K, committed 12800K, reserved 1048576K
}
Event: 35.005 GC heap before
{Heap before GC invocations=56 (full 0):
 garbage-first heap   total 333824K, used 251431K [0x0000000080000000, 0x0000000100000000)
  region size 1024K, 151 young (154624K), 11 survivors (11264K)
 Metaspace       used 98834K, committed 99584K, reserved 1138688K
  class space    used 13502K, committed 13824K, reserved 1048576K
}
Event: 35.027 GC heap after
{Heap after GC invocations=57 (full 0):
 garbage-first heap   total 333824K, used 117027K [0x0000000080000000, 0x0000000100000000)
  region size 1024K, 19 young (19456K), 19 survivors (19456K)
 Metaspace       used 98834K, committed 99584K, reserved 1138688K
  class space    used 13502K, committed 13824K, reserved 1048576K
}
Event: 37.135 GC heap before
{Heap before GC invocations=57 (full 0):
 garbage-first heap   total 333824K, used 293155K [0x0000000080000000, 0x0000000100000000)
  region size 1024K, 151 young (154624K), 19 survivors (19456K)
 Metaspace       used 103013K, committed 103744K, reserved 1138688K
  class space    used 14017K, committed 14336K, reserved 1048576K
}
Event: 37.158 GC heap after
{Heap after GC invocations=58 (full 0):
 garbage-first heap   total 338944K, used 169819K [0x0000000080000000, 0x0000000100000000)
  region size 1024K, 20 young (20480K), 20 survivors (20480K)
 Metaspace       used 103013K, committed 103744K, reserved 1138688K
  class space    used 14017K, committed 14336K, reserved 1048576K
}
Event: 38.933 GC heap before
{Heap before GC invocations=58 (full 0):
 garbage-first heap   total 338944K, used 288603K [0x0000000080000000, 0x0000000100000000)
  region size 1024K, 113 young (115712K), 20 survivors (20480K)
 Metaspace       used 104443K, committed 105216K, reserved 1146880K
  class space    used 14231K, committed 14592K, reserved 1048576K
}
Event: 38.978 GC heap after
{Heap after GC invocations=59 (full 0):
 garbage-first heap   total 345088K, used 216328K [0x0000000080000000, 0x0000000100000000)
  region size 1024K, 15 young (15360K), 15 survivors (15360K)
 Metaspace       used 104443K, committed 105216K, reserved 1146880K
  class space    used 14231K, committed 14592K, reserved 1048576K
}

